2019-04-09 22:22:31.563 [info] <0.43.0> Application lager started on node nonode@nohost
2019-04-09 22:22:31.566 [info] <0.43.0> Application xmerl started on node nonode@nohost
2019-04-09 22:22:31.568 [info] <0.43.0> Application jsx started on node nonode@nohost
2019-04-09 22:22:31.572 [info] <0.43.0> Application ranch started on node nonode@nohost
2019-04-09 22:22:31.573 [info] <0.43.0> Application ranch_proxy_protocol started on node nonode@nohost
2019-04-09 22:22:31.573 [info] <0.43.0> Application recon started on node nonode@nohost
2019-04-09 22:22:31.574 [info] <0.43.0> Application rabbit_common started on node nonode@nohost
2019-04-09 22:22:31.580 [info] <0.43.0> Application amqp_client started on node nonode@nohost
2019-04-09 22:22:31.580 [info] <0.43.0> Application amqp started on node nonode@nohost
2019-04-09 22:22:31.581 [info] <0.43.0> Application hospital started on node nonode@nohost
2019-04-09 22:28:42.954 [info] <0.43.0> Application lager started on node nonode@nohost
2019-04-09 22:28:42.958 [info] <0.43.0> Application xmerl started on node nonode@nohost
2019-04-09 22:28:42.960 [info] <0.43.0> Application jsx started on node nonode@nohost
2019-04-09 22:28:42.963 [info] <0.43.0> Application ranch started on node nonode@nohost
2019-04-09 22:28:42.964 [info] <0.43.0> Application ranch_proxy_protocol started on node nonode@nohost
2019-04-09 22:28:42.964 [info] <0.43.0> Application recon started on node nonode@nohost
2019-04-09 22:28:42.964 [info] <0.43.0> Application rabbit_common started on node nonode@nohost
2019-04-09 22:28:42.971 [info] <0.43.0> Application amqp_client started on node nonode@nohost
2019-04-09 22:28:42.971 [info] <0.43.0> Application amqp started on node nonode@nohost
2019-04-09 22:28:42.971 [info] <0.43.0> Application hospital started on node nonode@nohost
2019-04-09 22:30:38.915 [info] <0.43.0> Application lager started on node nonode@nohost
2019-04-09 22:30:38.917 [info] <0.43.0> Application xmerl started on node nonode@nohost
2019-04-09 22:30:38.919 [info] <0.43.0> Application jsx started on node nonode@nohost
2019-04-09 22:30:38.923 [info] <0.43.0> Application ranch started on node nonode@nohost
2019-04-09 22:30:38.923 [info] <0.43.0> Application ranch_proxy_protocol started on node nonode@nohost
2019-04-09 22:30:38.924 [info] <0.43.0> Application recon started on node nonode@nohost
2019-04-09 22:30:38.924 [info] <0.43.0> Application rabbit_common started on node nonode@nohost
2019-04-09 22:30:38.931 [info] <0.43.0> Application amqp_client started on node nonode@nohost
2019-04-09 22:30:38.931 [info] <0.43.0> Application amqp started on node nonode@nohost
2019-04-09 22:30:38.931 [info] <0.43.0> Application hospital started on node nonode@nohost
2019-04-09 22:31:09.703 [info] <0.43.0> Application lager started on node nonode@nohost
2019-04-09 22:31:09.707 [info] <0.43.0> Application xmerl started on node nonode@nohost
2019-04-09 22:31:09.708 [info] <0.43.0> Application jsx started on node nonode@nohost
2019-04-09 22:31:09.711 [info] <0.43.0> Application ranch started on node nonode@nohost
2019-04-09 22:31:09.712 [info] <0.43.0> Application ranch_proxy_protocol started on node nonode@nohost
2019-04-09 22:31:09.712 [info] <0.43.0> Application recon started on node nonode@nohost
2019-04-09 22:31:09.712 [info] <0.43.0> Application rabbit_common started on node nonode@nohost
2019-04-09 22:31:09.718 [info] <0.43.0> Application amqp_client started on node nonode@nohost
2019-04-09 22:31:09.719 [info] <0.43.0> Application amqp started on node nonode@nohost
2019-04-09 22:31:09.719 [info] <0.43.0> Application hospital started on node nonode@nohost
2019-04-09 22:32:15.150 [info] <0.43.0> Application lager started on node nonode@nohost
2019-04-09 22:32:15.154 [info] <0.43.0> Application xmerl started on node nonode@nohost
2019-04-09 22:32:15.155 [info] <0.43.0> Application jsx started on node nonode@nohost
2019-04-09 22:32:15.158 [info] <0.43.0> Application ranch started on node nonode@nohost
2019-04-09 22:32:15.159 [info] <0.43.0> Application ranch_proxy_protocol started on node nonode@nohost
2019-04-09 22:32:15.159 [info] <0.43.0> Application recon started on node nonode@nohost
2019-04-09 22:32:15.159 [info] <0.43.0> Application rabbit_common started on node nonode@nohost
2019-04-09 22:32:15.166 [info] <0.43.0> Application amqp_client started on node nonode@nohost
2019-04-09 22:32:15.166 [info] <0.43.0> Application amqp started on node nonode@nohost
2019-04-09 22:32:15.166 [info] <0.43.0> Application hospital started on node nonode@nohost
2019-04-09 22:32:35.524 [info] <0.43.0> Application lager started on node nonode@nohost
2019-04-09 22:32:35.526 [info] <0.43.0> Application xmerl started on node nonode@nohost
2019-04-09 22:32:35.528 [info] <0.43.0> Application jsx started on node nonode@nohost
2019-04-09 22:32:35.533 [info] <0.43.0> Application ranch started on node nonode@nohost
2019-04-09 22:32:35.534 [info] <0.43.0> Application ranch_proxy_protocol started on node nonode@nohost
2019-04-09 22:32:35.534 [info] <0.43.0> Application recon started on node nonode@nohost
2019-04-09 22:32:35.534 [info] <0.43.0> Application rabbit_common started on node nonode@nohost
2019-04-09 22:32:35.542 [info] <0.43.0> Application amqp_client started on node nonode@nohost
2019-04-09 22:32:35.542 [info] <0.43.0> Application amqp started on node nonode@nohost
2019-04-09 22:32:35.542 [info] <0.43.0> Application hospital started on node nonode@nohost
2019-04-09 22:32:43.353 [info] <0.43.0> Application lager started on node nonode@nohost
2019-04-09 22:32:43.357 [info] <0.43.0> Application xmerl started on node nonode@nohost
2019-04-09 22:32:43.358 [info] <0.43.0> Application jsx started on node nonode@nohost
2019-04-09 22:32:43.362 [info] <0.43.0> Application ranch started on node nonode@nohost
2019-04-09 22:32:43.362 [info] <0.43.0> Application ranch_proxy_protocol started on node nonode@nohost
2019-04-09 22:32:43.363 [info] <0.43.0> Application recon started on node nonode@nohost
2019-04-09 22:32:43.363 [info] <0.43.0> Application rabbit_common started on node nonode@nohost
2019-04-09 22:32:43.370 [info] <0.43.0> Application amqp_client started on node nonode@nohost
2019-04-09 22:32:43.370 [info] <0.43.0> Application amqp started on node nonode@nohost
2019-04-09 22:32:43.370 [info] <0.43.0> Application hospital started on node nonode@nohost
2019-04-09 23:46:07.281 [info] <0.43.0> Application lager started on node nonode@nohost
2019-04-09 23:46:07.284 [info] <0.43.0> Application xmerl started on node nonode@nohost
2019-04-09 23:46:07.285 [info] <0.43.0> Application jsx started on node nonode@nohost
2019-04-09 23:46:07.289 [info] <0.43.0> Application ranch started on node nonode@nohost
2019-04-09 23:46:07.289 [info] <0.43.0> Application ranch_proxy_protocol started on node nonode@nohost
2019-04-09 23:46:07.290 [info] <0.43.0> Application recon started on node nonode@nohost
2019-04-09 23:46:07.290 [info] <0.43.0> Application rabbit_common started on node nonode@nohost
2019-04-09 23:46:07.296 [info] <0.43.0> Application amqp_client started on node nonode@nohost
2019-04-09 23:46:07.296 [info] <0.43.0> Application amqp started on node nonode@nohost
2019-04-09 23:46:07.298 [info] <0.43.0> Application hospital started on node nonode@nohost
2019-04-10 12:45:26.180 [info] <0.43.0> Application lager started on node nonode@nohost
2019-04-10 12:45:26.184 [info] <0.43.0> Application xmerl started on node nonode@nohost
2019-04-10 12:45:26.185 [info] <0.43.0> Application jsx started on node nonode@nohost
2019-04-10 12:45:26.188 [info] <0.43.0> Application ranch started on node nonode@nohost
2019-04-10 12:45:26.189 [info] <0.43.0> Application ranch_proxy_protocol started on node nonode@nohost
2019-04-10 12:45:26.190 [info] <0.43.0> Application recon started on node nonode@nohost
2019-04-10 12:45:26.190 [info] <0.43.0> Application rabbit_common started on node nonode@nohost
2019-04-10 12:45:26.198 [info] <0.43.0> Application amqp_client started on node nonode@nohost
2019-04-10 12:45:26.198 [info] <0.43.0> Application amqp started on node nonode@nohost
2019-04-10 12:45:26.198 [info] <0.43.0> Application hospital started on node nonode@nohost
2019-04-10 12:48:48.307 [info] <0.43.0> Application lager started on node nonode@nohost
2019-04-10 12:48:48.311 [info] <0.43.0> Application xmerl started on node nonode@nohost
2019-04-10 12:48:48.312 [info] <0.43.0> Application jsx started on node nonode@nohost
2019-04-10 12:48:48.315 [info] <0.43.0> Application ranch started on node nonode@nohost
2019-04-10 12:48:48.316 [info] <0.43.0> Application ranch_proxy_protocol started on node nonode@nohost
2019-04-10 12:48:48.316 [info] <0.43.0> Application recon started on node nonode@nohost
2019-04-10 12:48:48.316 [info] <0.43.0> Application rabbit_common started on node nonode@nohost
2019-04-10 12:48:48.323 [info] <0.43.0> Application amqp_client started on node nonode@nohost
2019-04-10 12:48:48.323 [info] <0.43.0> Application amqp started on node nonode@nohost
2019-04-10 12:48:48.324 [info] <0.43.0> Application hospital started on node nonode@nohost
2019-04-10 13:22:39.096 [info] <0.43.0> Application lager started on node nonode@nohost
2019-04-10 13:22:39.100 [info] <0.43.0> Application xmerl started on node nonode@nohost
2019-04-10 13:22:39.101 [info] <0.43.0> Application jsx started on node nonode@nohost
2019-04-10 13:22:39.104 [info] <0.43.0> Application ranch started on node nonode@nohost
2019-04-10 13:22:39.105 [info] <0.43.0> Application ranch_proxy_protocol started on node nonode@nohost
2019-04-10 13:22:39.106 [info] <0.43.0> Application recon started on node nonode@nohost
2019-04-10 13:22:39.106 [info] <0.43.0> Application rabbit_common started on node nonode@nohost
2019-04-10 13:22:39.114 [info] <0.43.0> Application amqp_client started on node nonode@nohost
2019-04-10 13:22:39.114 [info] <0.43.0> Application amqp started on node nonode@nohost
2019-04-10 13:22:39.114 [info] <0.43.0> Application hospital started on node nonode@nohost
2019-04-10 14:57:49.094 [info] <0.43.0> Application lager started on node nonode@nohost
2019-04-10 14:57:49.097 [info] <0.43.0> Application xmerl started on node nonode@nohost
2019-04-10 14:57:49.098 [info] <0.43.0> Application jsx started on node nonode@nohost
2019-04-10 14:57:49.102 [info] <0.43.0> Application ranch started on node nonode@nohost
2019-04-10 14:57:49.102 [info] <0.43.0> Application ranch_proxy_protocol started on node nonode@nohost
2019-04-10 14:57:49.103 [info] <0.43.0> Application recon started on node nonode@nohost
2019-04-10 14:57:49.103 [info] <0.43.0> Application rabbit_common started on node nonode@nohost
2019-04-10 14:57:49.109 [info] <0.43.0> Application amqp_client started on node nonode@nohost
2019-04-10 14:57:49.110 [info] <0.43.0> Application amqp started on node nonode@nohost
2019-04-10 14:57:49.110 [info] <0.43.0> Application hospital started on node nonode@nohost
2019-04-10 15:01:39.164 [info] <0.43.0> Application lager started on node nonode@nohost
2019-04-10 15:01:39.168 [info] <0.43.0> Application xmerl started on node nonode@nohost
2019-04-10 15:01:39.169 [info] <0.43.0> Application jsx started on node nonode@nohost
2019-04-10 15:01:39.172 [info] <0.43.0> Application ranch started on node nonode@nohost
2019-04-10 15:01:39.173 [info] <0.43.0> Application ranch_proxy_protocol started on node nonode@nohost
2019-04-10 15:01:39.174 [info] <0.43.0> Application recon started on node nonode@nohost
2019-04-10 15:01:39.174 [info] <0.43.0> Application rabbit_common started on node nonode@nohost
2019-04-10 15:01:39.182 [info] <0.43.0> Application amqp_client started on node nonode@nohost
2019-04-10 15:01:39.183 [info] <0.43.0> Application amqp started on node nonode@nohost
2019-04-10 15:01:39.183 [info] <0.43.0> Application hospital started on node nonode@nohost
2019-04-10 15:01:46.339 [error] <0.250.0>@rabbit_framing_amqp_0_9_1:shortstr_size:185 CRASH REPORT Process <0.250.0> with 0 neighbours crashed with reason: bad argument in call to erlang:size(#{consumer_count => 0,message_count => 0,queue => <<"amq.gen-r_bTlc9dGwDV8G_YyR_lLw">>}) in rabbit_framing_amqp_0_9_1:shortstr_size/1 line 185
2019-04-10 15:01:46.340 [error] <0.247.0>@rabbit_framing_amqp_0_9_1:shortstr_size:185 Supervisor {<0.247.0>,amqp_channel_sup} had child writer started with rabbit_writer:start_link(#Port<0.7>, 1, 131072, rabbit_framing_amqp_0_9_1, <0.249.0>, {<<"client 127.0.0.1:38793 -> 127.0.0.1:5672">>,1}) at <0.250.0> exit with reason bad argument in call to erlang:size(#{consumer_count => 0,message_count => 0,queue => <<"amq.gen-r_bTlc9dGwDV8G_YyR_lLw">>}) in rabbit_framing_amqp_0_9_1:shortstr_size/1 line 185 in context child_terminated
2019-04-10 15:01:46.340 [error] <0.247.0> Supervisor {<0.247.0>,amqp_channel_sup} had child writer started with rabbit_writer:start_link(#Port<0.7>, 1, 131072, rabbit_framing_amqp_0_9_1, <0.249.0>, {<<"client 127.0.0.1:38793 -> 127.0.0.1:5672">>,1}) at <0.250.0> exit with reason reached_max_restart_intensity in context shutdown
2019-04-10 15:06:42.947 [info] <0.43.0> Application lager started on node nonode@nohost
2019-04-10 15:06:42.949 [info] <0.43.0> Application xmerl started on node nonode@nohost
2019-04-10 15:06:42.951 [info] <0.43.0> Application jsx started on node nonode@nohost
2019-04-10 15:06:42.955 [info] <0.43.0> Application ranch started on node nonode@nohost
2019-04-10 15:06:42.956 [info] <0.43.0> Application ranch_proxy_protocol started on node nonode@nohost
2019-04-10 15:06:42.957 [info] <0.43.0> Application recon started on node nonode@nohost
2019-04-10 15:06:42.957 [info] <0.43.0> Application rabbit_common started on node nonode@nohost
2019-04-10 15:06:42.964 [info] <0.43.0> Application amqp_client started on node nonode@nohost
2019-04-10 15:06:42.964 [info] <0.43.0> Application amqp started on node nonode@nohost
2019-04-10 15:06:42.964 [info] <0.43.0> Application hospital started on node nonode@nohost
2019-04-10 15:06:59.963 [error] <0.250.0>@rabbit_framing_amqp_0_9_1:shortstr_size:185 CRASH REPORT Process <0.250.0> with 0 neighbours crashed with reason: bad argument in call to erlang:size(#{consumer_count => 0,message_count => 0,queue => <<"amq.gen-LbGy2p1bnI0_toRcedk77g">>}) in rabbit_framing_amqp_0_9_1:shortstr_size/1 line 185
2019-04-10 15:06:59.963 [error] <0.247.0>@rabbit_framing_amqp_0_9_1:shortstr_size:185 Supervisor {<0.247.0>,amqp_channel_sup} had child writer started with rabbit_writer:start_link(#Port<0.7>, 1, 131072, rabbit_framing_amqp_0_9_1, <0.249.0>, {<<"client 127.0.0.1:52491 -> 127.0.0.1:5672">>,1}) at <0.250.0> exit with reason bad argument in call to erlang:size(#{consumer_count => 0,message_count => 0,queue => <<"amq.gen-LbGy2p1bnI0_toRcedk77g">>}) in rabbit_framing_amqp_0_9_1:shortstr_size/1 line 185 in context child_terminated
2019-04-10 15:06:59.964 [error] <0.247.0> Supervisor {<0.247.0>,amqp_channel_sup} had child writer started with rabbit_writer:start_link(#Port<0.7>, 1, 131072, rabbit_framing_amqp_0_9_1, <0.249.0>, {<<"client 127.0.0.1:52491 -> 127.0.0.1:5672">>,1}) at <0.250.0> exit with reason reached_max_restart_intensity in context shutdown
2019-04-10 15:13:20.135 [info] <0.43.0> Application lager started on node nonode@nohost
2019-04-10 15:13:20.140 [info] <0.43.0> Application xmerl started on node nonode@nohost
2019-04-10 15:13:20.141 [info] <0.43.0> Application jsx started on node nonode@nohost
2019-04-10 15:13:20.145 [info] <0.43.0> Application ranch started on node nonode@nohost
2019-04-10 15:13:20.145 [info] <0.43.0> Application ranch_proxy_protocol started on node nonode@nohost
2019-04-10 15:13:20.146 [info] <0.43.0> Application recon started on node nonode@nohost
2019-04-10 15:13:20.146 [info] <0.43.0> Application rabbit_common started on node nonode@nohost
2019-04-10 15:13:20.154 [info] <0.43.0> Application amqp_client started on node nonode@nohost
2019-04-10 15:13:20.155 [info] <0.43.0> Application amqp started on node nonode@nohost
2019-04-10 15:13:20.155 [info] <0.43.0> Application hospital started on node nonode@nohost
2019-04-10 15:13:38.171 [error] <0.251.0>@rabbit_framing_amqp_0_9_1:shortstr_size:185 CRASH REPORT Process <0.251.0> with 0 neighbours crashed with reason: bad argument in call to erlang:size(#{consumer_count => 0,message_count => 0,queue => <<"amq.gen-E_4jr841uYvAUyKWfxGMZw">>}) in rabbit_framing_amqp_0_9_1:shortstr_size/1 line 185
2019-04-10 15:13:38.171 [error] <0.248.0>@rabbit_framing_amqp_0_9_1:shortstr_size:185 Supervisor {<0.248.0>,amqp_channel_sup} had child writer started with rabbit_writer:start_link(#Port<0.7>, 1, 131072, rabbit_framing_amqp_0_9_1, <0.250.0>, {<<"client 127.0.0.1:40103 -> 127.0.0.1:5672">>,1}) at <0.251.0> exit with reason bad argument in call to erlang:size(#{consumer_count => 0,message_count => 0,queue => <<"amq.gen-E_4jr841uYvAUyKWfxGMZw">>}) in rabbit_framing_amqp_0_9_1:shortstr_size/1 line 185 in context child_terminated
2019-04-10 15:13:38.171 [error] <0.248.0> Supervisor {<0.248.0>,amqp_channel_sup} had child writer started with rabbit_writer:start_link(#Port<0.7>, 1, 131072, rabbit_framing_amqp_0_9_1, <0.250.0>, {<<"client 127.0.0.1:40103 -> 127.0.0.1:5672">>,1}) at <0.251.0> exit with reason reached_max_restart_intensity in context shutdown
2019-04-10 15:21:38.880 [info] <0.43.0> Application lager started on node nonode@nohost
2019-04-10 15:21:38.884 [info] <0.43.0> Application xmerl started on node nonode@nohost
2019-04-10 15:21:38.885 [info] <0.43.0> Application jsx started on node nonode@nohost
2019-04-10 15:21:38.888 [info] <0.43.0> Application ranch started on node nonode@nohost
2019-04-10 15:21:38.889 [info] <0.43.0> Application ranch_proxy_protocol started on node nonode@nohost
2019-04-10 15:21:38.889 [info] <0.43.0> Application recon started on node nonode@nohost
2019-04-10 15:21:38.890 [info] <0.43.0> Application rabbit_common started on node nonode@nohost
2019-04-10 15:21:38.895 [info] <0.43.0> Application amqp_client started on node nonode@nohost
2019-04-10 15:21:38.895 [info] <0.43.0> Application amqp started on node nonode@nohost
2019-04-10 15:21:38.895 [info] <0.43.0> Application hospital started on node nonode@nohost
2019-04-10 15:21:44.706 [error] <0.250.0>@rabbit_framing_amqp_0_9_1:shortstr_size:185 CRASH REPORT Process <0.250.0> with 0 neighbours crashed with reason: bad argument in call to erlang:size(#{consumer_count => 0,message_count => 0,queue => <<"amq.gen-HaBwDtWPCVbgZi_cLpPv8Q">>}) in rabbit_framing_amqp_0_9_1:shortstr_size/1 line 185
2019-04-10 15:21:44.706 [error] <0.247.0>@rabbit_framing_amqp_0_9_1:shortstr_size:185 Supervisor {<0.247.0>,amqp_channel_sup} had child writer started with rabbit_writer:start_link(#Port<0.7>, 1, 131072, rabbit_framing_amqp_0_9_1, <0.249.0>, {<<"client 127.0.0.1:44831 -> 127.0.0.1:5672">>,1}) at <0.250.0> exit with reason bad argument in call to erlang:size(#{consumer_count => 0,message_count => 0,queue => <<"amq.gen-HaBwDtWPCVbgZi_cLpPv8Q">>}) in rabbit_framing_amqp_0_9_1:shortstr_size/1 line 185 in context child_terminated
2019-04-10 15:21:44.707 [error] <0.247.0> Supervisor {<0.247.0>,amqp_channel_sup} had child writer started with rabbit_writer:start_link(#Port<0.7>, 1, 131072, rabbit_framing_amqp_0_9_1, <0.249.0>, {<<"client 127.0.0.1:44831 -> 127.0.0.1:5672">>,1}) at <0.250.0> exit with reason reached_max_restart_intensity in context shutdown
2019-04-10 15:23:15.227 [info] <0.43.0> Application lager started on node nonode@nohost
2019-04-10 15:23:15.229 [info] <0.43.0> Application xmerl started on node nonode@nohost
2019-04-10 15:23:15.231 [info] <0.43.0> Application jsx started on node nonode@nohost
2019-04-10 15:23:15.234 [info] <0.43.0> Application ranch started on node nonode@nohost
2019-04-10 15:23:15.235 [info] <0.43.0> Application ranch_proxy_protocol started on node nonode@nohost
2019-04-10 15:23:15.235 [info] <0.43.0> Application recon started on node nonode@nohost
2019-04-10 15:23:15.236 [info] <0.43.0> Application rabbit_common started on node nonode@nohost
2019-04-10 15:23:15.242 [info] <0.43.0> Application amqp_client started on node nonode@nohost
2019-04-10 15:23:15.242 [info] <0.43.0> Application amqp started on node nonode@nohost
2019-04-10 15:23:15.242 [info] <0.43.0> Application hospital started on node nonode@nohost
2019-04-10 15:23:20.090 [error] <0.250.0>@rabbit_framing_amqp_0_9_1:shortstr_size:185 CRASH REPORT Process <0.250.0> with 0 neighbours crashed with reason: bad argument in call to erlang:size(#{consumer_count => 0,message_count => 0,queue => <<"amq.gen-chaB4AWhZ5whQSZmFcK0Kg">>}) in rabbit_framing_amqp_0_9_1:shortstr_size/1 line 185
2019-04-10 15:23:20.091 [error] <0.247.0>@rabbit_framing_amqp_0_9_1:shortstr_size:185 Supervisor {<0.247.0>,amqp_channel_sup} had child writer started with rabbit_writer:start_link(#Port<0.7>, 1, 131072, rabbit_framing_amqp_0_9_1, <0.249.0>, {<<"client 127.0.0.1:39357 -> 127.0.0.1:5672">>,1}) at <0.250.0> exit with reason bad argument in call to erlang:size(#{consumer_count => 0,message_count => 0,queue => <<"amq.gen-chaB4AWhZ5whQSZmFcK0Kg">>}) in rabbit_framing_amqp_0_9_1:shortstr_size/1 line 185 in context child_terminated
2019-04-10 15:23:20.091 [error] <0.247.0> Supervisor {<0.247.0>,amqp_channel_sup} had child writer started with rabbit_writer:start_link(#Port<0.7>, 1, 131072, rabbit_framing_amqp_0_9_1, <0.249.0>, {<<"client 127.0.0.1:39357 -> 127.0.0.1:5672">>,1}) at <0.250.0> exit with reason reached_max_restart_intensity in context shutdown
2019-04-10 15:23:33.709 [info] <0.43.0> Application lager started on node nonode@nohost
2019-04-10 15:23:33.713 [info] <0.43.0> Application xmerl started on node nonode@nohost
2019-04-10 15:23:33.714 [info] <0.43.0> Application jsx started on node nonode@nohost
2019-04-10 15:23:33.717 [info] <0.43.0> Application ranch started on node nonode@nohost
2019-04-10 15:23:33.718 [info] <0.43.0> Application ranch_proxy_protocol started on node nonode@nohost
2019-04-10 15:23:33.719 [info] <0.43.0> Application recon started on node nonode@nohost
2019-04-10 15:23:33.719 [info] <0.43.0> Application rabbit_common started on node nonode@nohost
2019-04-10 15:23:33.727 [info] <0.43.0> Application amqp_client started on node nonode@nohost
2019-04-10 15:23:33.727 [info] <0.43.0> Application amqp started on node nonode@nohost
2019-04-10 15:23:33.727 [info] <0.43.0> Application hospital started on node nonode@nohost
2019-04-10 15:23:39.564 [error] <0.250.0>@rabbit_framing_amqp_0_9_1:shortstr_size:185 CRASH REPORT Process <0.250.0> with 0 neighbours crashed with reason: bad argument in call to erlang:size(#{consumer_count => 0,message_count => 0,queue => <<"amq.gen-032KSQS3I-5fElv_ARD7gQ">>}) in rabbit_framing_amqp_0_9_1:shortstr_size/1 line 185
2019-04-10 15:23:39.564 [error] <0.247.0>@rabbit_framing_amqp_0_9_1:shortstr_size:185 Supervisor {<0.247.0>,amqp_channel_sup} had child writer started with rabbit_writer:start_link(#Port<0.7>, 1, 131072, rabbit_framing_amqp_0_9_1, <0.249.0>, {<<"client 127.0.0.1:60107 -> 127.0.0.1:5672">>,1}) at <0.250.0> exit with reason bad argument in call to erlang:size(#{consumer_count => 0,message_count => 0,queue => <<"amq.gen-032KSQS3I-5fElv_ARD7gQ">>}) in rabbit_framing_amqp_0_9_1:shortstr_size/1 line 185 in context child_terminated
2019-04-10 15:23:39.564 [error] <0.247.0> Supervisor {<0.247.0>,amqp_channel_sup} had child writer started with rabbit_writer:start_link(#Port<0.7>, 1, 131072, rabbit_framing_amqp_0_9_1, <0.249.0>, {<<"client 127.0.0.1:60107 -> 127.0.0.1:5672">>,1}) at <0.250.0> exit with reason reached_max_restart_intensity in context shutdown
2019-04-10 15:25:37.972 [info] <0.43.0> Application lager started on node nonode@nohost
2019-04-10 15:25:37.976 [info] <0.43.0> Application xmerl started on node nonode@nohost
2019-04-10 15:25:37.978 [info] <0.43.0> Application jsx started on node nonode@nohost
2019-04-10 15:25:37.982 [info] <0.43.0> Application ranch started on node nonode@nohost
2019-04-10 15:25:37.983 [info] <0.43.0> Application ranch_proxy_protocol started on node nonode@nohost
2019-04-10 15:25:37.983 [info] <0.43.0> Application recon started on node nonode@nohost
2019-04-10 15:25:37.983 [info] <0.43.0> Application rabbit_common started on node nonode@nohost
2019-04-10 15:25:37.992 [info] <0.43.0> Application amqp_client started on node nonode@nohost
2019-04-10 15:25:37.992 [info] <0.43.0> Application amqp started on node nonode@nohost
2019-04-10 15:25:37.992 [info] <0.43.0> Application hospital started on node nonode@nohost
2019-04-10 15:25:44.066 [error] <0.250.0>@rabbit_framing_amqp_0_9_1:shortstr_size:185 CRASH REPORT Process <0.250.0> with 0 neighbours crashed with reason: bad argument in call to erlang:size(#{consumer_count => 0,message_count => 0,queue => <<"amq.gen-qllutj32426daiQ91wfqew">>}) in rabbit_framing_amqp_0_9_1:shortstr_size/1 line 185
2019-04-10 15:25:44.066 [error] <0.247.0>@rabbit_framing_amqp_0_9_1:shortstr_size:185 Supervisor {<0.247.0>,amqp_channel_sup} had child writer started with rabbit_writer:start_link(#Port<0.7>, 1, 131072, rabbit_framing_amqp_0_9_1, <0.249.0>, {<<"client 127.0.0.1:33565 -> 127.0.0.1:5672">>,1}) at <0.250.0> exit with reason bad argument in call to erlang:size(#{consumer_count => 0,message_count => 0,queue => <<"amq.gen-qllutj32426daiQ91wfqew">>}) in rabbit_framing_amqp_0_9_1:shortstr_size/1 line 185 in context child_terminated
2019-04-10 15:25:44.066 [error] <0.247.0> Supervisor {<0.247.0>,amqp_channel_sup} had child writer started with rabbit_writer:start_link(#Port<0.7>, 1, 131072, rabbit_framing_amqp_0_9_1, <0.249.0>, {<<"client 127.0.0.1:33565 -> 127.0.0.1:5672">>,1}) at <0.250.0> exit with reason reached_max_restart_intensity in context shutdown
2019-04-10 15:30:22.987 [info] <0.43.0> Application lager started on node nonode@nohost
2019-04-10 15:30:22.991 [info] <0.43.0> Application xmerl started on node nonode@nohost
2019-04-10 15:30:22.992 [info] <0.43.0> Application jsx started on node nonode@nohost
2019-04-10 15:30:22.995 [info] <0.43.0> Application ranch started on node nonode@nohost
2019-04-10 15:30:22.996 [info] <0.43.0> Application ranch_proxy_protocol started on node nonode@nohost
2019-04-10 15:30:22.996 [info] <0.43.0> Application recon started on node nonode@nohost
2019-04-10 15:30:22.996 [info] <0.43.0> Application rabbit_common started on node nonode@nohost
2019-04-10 15:30:23.003 [info] <0.43.0> Application amqp_client started on node nonode@nohost
2019-04-10 15:30:23.003 [info] <0.43.0> Application amqp started on node nonode@nohost
2019-04-10 15:30:23.003 [info] <0.43.0> Application hospital started on node nonode@nohost
2019-04-10 15:35:25.235 [info] <0.43.0> Application lager started on node nonode@nohost
2019-04-10 15:35:25.239 [info] <0.43.0> Application xmerl started on node nonode@nohost
2019-04-10 15:35:25.240 [info] <0.43.0> Application jsx started on node nonode@nohost
2019-04-10 15:35:25.244 [info] <0.43.0> Application ranch started on node nonode@nohost
2019-04-10 15:35:25.244 [info] <0.43.0> Application ranch_proxy_protocol started on node nonode@nohost
2019-04-10 15:35:25.245 [info] <0.43.0> Application recon started on node nonode@nohost
2019-04-10 15:35:25.245 [info] <0.43.0> Application rabbit_common started on node nonode@nohost
2019-04-10 15:35:25.254 [info] <0.43.0> Application amqp_client started on node nonode@nohost
2019-04-10 15:35:25.254 [info] <0.43.0> Application amqp started on node nonode@nohost
2019-04-10 15:35:25.254 [info] <0.43.0> Application hospital started on node nonode@nohost
2019-04-10 15:37:17.995 [info] <0.43.0> Application lager started on node nonode@nohost
2019-04-10 15:37:17.999 [info] <0.43.0> Application xmerl started on node nonode@nohost
2019-04-10 15:37:18.000 [info] <0.43.0> Application jsx started on node nonode@nohost
2019-04-10 15:37:18.004 [info] <0.43.0> Application ranch started on node nonode@nohost
2019-04-10 15:37:18.004 [info] <0.43.0> Application ranch_proxy_protocol started on node nonode@nohost
2019-04-10 15:37:18.005 [info] <0.43.0> Application recon started on node nonode@nohost
2019-04-10 15:37:18.005 [info] <0.43.0> Application rabbit_common started on node nonode@nohost
2019-04-10 15:37:18.012 [info] <0.43.0> Application amqp_client started on node nonode@nohost
2019-04-10 15:37:18.012 [info] <0.43.0> Application amqp started on node nonode@nohost
2019-04-10 15:37:18.013 [info] <0.43.0> Application hospital started on node nonode@nohost
2019-04-10 15:38:05.641 [info] <0.43.0> Application lager started on node nonode@nohost
2019-04-10 15:38:05.645 [info] <0.43.0> Application xmerl started on node nonode@nohost
2019-04-10 15:38:05.647 [info] <0.43.0> Application jsx started on node nonode@nohost
2019-04-10 15:38:05.652 [info] <0.43.0> Application ranch started on node nonode@nohost
2019-04-10 15:38:05.654 [info] <0.43.0> Application ranch_proxy_protocol started on node nonode@nohost
2019-04-10 15:38:05.654 [info] <0.43.0> Application recon started on node nonode@nohost
2019-04-10 15:38:05.655 [info] <0.43.0> Application rabbit_common started on node nonode@nohost
2019-04-10 15:38:05.665 [info] <0.43.0> Application amqp_client started on node nonode@nohost
2019-04-10 15:38:05.665 [info] <0.43.0> Application amqp started on node nonode@nohost
2019-04-10 15:38:05.665 [info] <0.43.0> Application hospital started on node nonode@nohost
2019-04-10 15:38:10.238 [error] <0.250.0>@rabbit_framing_amqp_0_9_1:shortstr_size:185 CRASH REPORT Process <0.250.0> with 0 neighbours crashed with reason: bad argument in call to erlang:size(#{consumer_count => 0,message_count => 0,queue => <<"amq.gen-Yx1z27O7bw7kB7G0ZOsTZg">>}) in rabbit_framing_amqp_0_9_1:shortstr_size/1 line 185
2019-04-10 15:38:10.239 [error] <0.247.0>@rabbit_framing_amqp_0_9_1:shortstr_size:185 Supervisor {<0.247.0>,amqp_channel_sup} had child writer started with rabbit_writer:start_link(#Port<0.7>, 1, 131072, rabbit_framing_amqp_0_9_1, <0.249.0>, {<<"client 127.0.0.1:46091 -> 127.0.0.1:5672">>,1}) at <0.250.0> exit with reason bad argument in call to erlang:size(#{consumer_count => 0,message_count => 0,queue => <<"amq.gen-Yx1z27O7bw7kB7G0ZOsTZg">>}) in rabbit_framing_amqp_0_9_1:shortstr_size/1 line 185 in context child_terminated
2019-04-10 15:38:10.239 [error] <0.247.0> Supervisor {<0.247.0>,amqp_channel_sup} had child writer started with rabbit_writer:start_link(#Port<0.7>, 1, 131072, rabbit_framing_amqp_0_9_1, <0.249.0>, {<<"client 127.0.0.1:46091 -> 127.0.0.1:5672">>,1}) at <0.250.0> exit with reason reached_max_restart_intensity in context shutdown
2019-04-10 15:41:41.928 [info] <0.43.0> Application lager started on node nonode@nohost
2019-04-10 15:41:41.932 [info] <0.43.0> Application xmerl started on node nonode@nohost
2019-04-10 15:41:41.933 [info] <0.43.0> Application jsx started on node nonode@nohost
2019-04-10 15:41:41.937 [info] <0.43.0> Application ranch started on node nonode@nohost
2019-04-10 15:41:41.938 [info] <0.43.0> Application ranch_proxy_protocol started on node nonode@nohost
2019-04-10 15:41:41.938 [info] <0.43.0> Application recon started on node nonode@nohost
2019-04-10 15:41:41.938 [info] <0.43.0> Application rabbit_common started on node nonode@nohost
2019-04-10 15:41:41.945 [info] <0.43.0> Application amqp_client started on node nonode@nohost
2019-04-10 15:41:41.946 [info] <0.43.0> Application amqp started on node nonode@nohost
2019-04-10 15:41:41.946 [info] <0.43.0> Application hospital started on node nonode@nohost
2019-04-10 15:41:59.180 [error] <0.250.0>@rabbit_framing_amqp_0_9_1:shortstr_size:185 CRASH REPORT Process <0.250.0> with 0 neighbours crashed with reason: bad argument in call to erlang:size(#{consumer_count => 0,message_count => 0,queue => <<"amq.gen-I8gdxGbapcqUC8AY_JJT_Q">>}) in rabbit_framing_amqp_0_9_1:shortstr_size/1 line 185
2019-04-10 15:41:59.180 [error] <0.247.0>@rabbit_framing_amqp_0_9_1:shortstr_size:185 Supervisor {<0.247.0>,amqp_channel_sup} had child writer started with rabbit_writer:start_link(#Port<0.7>, 1, 131072, rabbit_framing_amqp_0_9_1, <0.249.0>, {<<"client 127.0.0.1:40287 -> 127.0.0.1:5672">>,1}) at <0.250.0> exit with reason bad argument in call to erlang:size(#{consumer_count => 0,message_count => 0,queue => <<"amq.gen-I8gdxGbapcqUC8AY_JJT_Q">>}) in rabbit_framing_amqp_0_9_1:shortstr_size/1 line 185 in context child_terminated
2019-04-10 15:41:59.180 [error] <0.247.0> Supervisor {<0.247.0>,amqp_channel_sup} had child writer started with rabbit_writer:start_link(#Port<0.7>, 1, 131072, rabbit_framing_amqp_0_9_1, <0.249.0>, {<<"client 127.0.0.1:40287 -> 127.0.0.1:5672">>,1}) at <0.250.0> exit with reason reached_max_restart_intensity in context shutdown
2019-04-10 15:50:43.328 [info] <0.43.0> Application lager started on node nonode@nohost
2019-04-10 15:50:43.330 [info] <0.43.0> Application xmerl started on node nonode@nohost
2019-04-10 15:50:43.332 [info] <0.43.0> Application jsx started on node nonode@nohost
2019-04-10 15:50:43.335 [info] <0.43.0> Application ranch started on node nonode@nohost
2019-04-10 15:50:43.336 [info] <0.43.0> Application ranch_proxy_protocol started on node nonode@nohost
2019-04-10 15:50:43.337 [info] <0.43.0> Application recon started on node nonode@nohost
2019-04-10 15:50:43.337 [info] <0.43.0> Application rabbit_common started on node nonode@nohost
2019-04-10 15:50:43.343 [info] <0.43.0> Application amqp_client started on node nonode@nohost
2019-04-10 15:50:43.343 [info] <0.43.0> Application amqp started on node nonode@nohost
2019-04-10 15:50:43.343 [info] <0.43.0> Application hospital started on node nonode@nohost
2019-04-10 15:50:48.092 [error] <0.250.0>@rabbit_framing_amqp_0_9_1:shortstr_size:185 CRASH REPORT Process <0.250.0> with 0 neighbours crashed with reason: bad argument in call to erlang:size(#{consumer_count => 0,message_count => 0,queue => <<"amq.gen-AVh6Jie69ncuNVPnGXydfA">>}) in rabbit_framing_amqp_0_9_1:shortstr_size/1 line 185
2019-04-10 15:50:48.092 [error] <0.247.0>@rabbit_framing_amqp_0_9_1:shortstr_size:185 Supervisor {<0.247.0>,amqp_channel_sup} had child writer started with rabbit_writer:start_link(#Port<0.7>, 1, 131072, rabbit_framing_amqp_0_9_1, <0.249.0>, {<<"client 127.0.0.1:36773 -> 127.0.0.1:5672">>,1}) at <0.250.0> exit with reason bad argument in call to erlang:size(#{consumer_count => 0,message_count => 0,queue => <<"amq.gen-AVh6Jie69ncuNVPnGXydfA">>}) in rabbit_framing_amqp_0_9_1:shortstr_size/1 line 185 in context child_terminated
2019-04-10 15:50:48.093 [error] <0.247.0> Supervisor {<0.247.0>,amqp_channel_sup} had child writer started with rabbit_writer:start_link(#Port<0.7>, 1, 131072, rabbit_framing_amqp_0_9_1, <0.249.0>, {<<"client 127.0.0.1:36773 -> 127.0.0.1:5672">>,1}) at <0.250.0> exit with reason reached_max_restart_intensity in context shutdown
2019-04-10 15:52:54.391 [info] <0.43.0> Application lager started on node nonode@nohost
2019-04-10 15:52:54.394 [info] <0.43.0> Application xmerl started on node nonode@nohost
2019-04-10 15:52:54.395 [info] <0.43.0> Application jsx started on node nonode@nohost
2019-04-10 15:52:54.398 [info] <0.43.0> Application ranch started on node nonode@nohost
2019-04-10 15:52:54.399 [info] <0.43.0> Application ranch_proxy_protocol started on node nonode@nohost
2019-04-10 15:52:54.400 [info] <0.43.0> Application recon started on node nonode@nohost
2019-04-10 15:52:54.400 [info] <0.43.0> Application rabbit_common started on node nonode@nohost
2019-04-10 15:52:54.407 [info] <0.43.0> Application amqp_client started on node nonode@nohost
2019-04-10 15:52:54.407 [info] <0.43.0> Application amqp started on node nonode@nohost
2019-04-10 15:52:54.407 [info] <0.43.0> Application hospital started on node nonode@nohost
2019-04-10 15:52:58.894 [error] <0.250.0>@rabbit_framing_amqp_0_9_1:shortstr_size:185 CRASH REPORT Process <0.250.0> with 0 neighbours crashed with reason: bad argument in call to erlang:size(#{consumer_count => 0,message_count => 0,queue => <<"amq.gen-eXDZ-xYjU3UVk7-XY0oqRw">>}) in rabbit_framing_amqp_0_9_1:shortstr_size/1 line 185
2019-04-10 15:52:58.895 [error] <0.247.0>@rabbit_framing_amqp_0_9_1:shortstr_size:185 Supervisor {<0.247.0>,amqp_channel_sup} had child writer started with rabbit_writer:start_link(#Port<0.7>, 1, 131072, rabbit_framing_amqp_0_9_1, <0.249.0>, {<<"client 127.0.0.1:37063 -> 127.0.0.1:5672">>,1}) at <0.250.0> exit with reason bad argument in call to erlang:size(#{consumer_count => 0,message_count => 0,queue => <<"amq.gen-eXDZ-xYjU3UVk7-XY0oqRw">>}) in rabbit_framing_amqp_0_9_1:shortstr_size/1 line 185 in context child_terminated
2019-04-10 15:52:58.895 [error] <0.247.0> Supervisor {<0.247.0>,amqp_channel_sup} had child writer started with rabbit_writer:start_link(#Port<0.7>, 1, 131072, rabbit_framing_amqp_0_9_1, <0.249.0>, {<<"client 127.0.0.1:37063 -> 127.0.0.1:5672">>,1}) at <0.250.0> exit with reason reached_max_restart_intensity in context shutdown
2019-04-10 15:53:32.178 [info] <0.43.0> Application lager started on node nonode@nohost
2019-04-10 15:53:32.181 [info] <0.43.0> Application xmerl started on node nonode@nohost
2019-04-10 15:53:32.183 [info] <0.43.0> Application jsx started on node nonode@nohost
2019-04-10 15:53:32.187 [info] <0.43.0> Application ranch started on node nonode@nohost
2019-04-10 15:53:32.187 [info] <0.43.0> Application ranch_proxy_protocol started on node nonode@nohost
2019-04-10 15:53:32.188 [info] <0.43.0> Application recon started on node nonode@nohost
2019-04-10 15:53:32.188 [info] <0.43.0> Application rabbit_common started on node nonode@nohost
2019-04-10 15:53:32.195 [info] <0.43.0> Application amqp_client started on node nonode@nohost
2019-04-10 15:53:32.195 [info] <0.43.0> Application amqp started on node nonode@nohost
2019-04-10 15:53:32.195 [info] <0.43.0> Application hospital started on node nonode@nohost
2019-04-10 15:53:38.247 [error] <0.250.0>@rabbit_framing_amqp_0_9_1:shortstr_size:185 CRASH REPORT Process <0.250.0> with 0 neighbours crashed with reason: bad argument in call to erlang:size(#{consumer_count => 0,message_count => 0,queue => <<"amq.gen-tUO_9j2tJJLXO42uV671rA">>}) in rabbit_framing_amqp_0_9_1:shortstr_size/1 line 185
2019-04-10 15:53:38.248 [error] <0.247.0>@rabbit_framing_amqp_0_9_1:shortstr_size:185 Supervisor {<0.247.0>,amqp_channel_sup} had child writer started with rabbit_writer:start_link(#Port<0.7>, 1, 131072, rabbit_framing_amqp_0_9_1, <0.249.0>, {<<"client 127.0.0.1:39805 -> 127.0.0.1:5672">>,1}) at <0.250.0> exit with reason bad argument in call to erlang:size(#{consumer_count => 0,message_count => 0,queue => <<"amq.gen-tUO_9j2tJJLXO42uV671rA">>}) in rabbit_framing_amqp_0_9_1:shortstr_size/1 line 185 in context child_terminated
2019-04-10 15:53:38.248 [error] <0.247.0> Supervisor {<0.247.0>,amqp_channel_sup} had child writer started with rabbit_writer:start_link(#Port<0.7>, 1, 131072, rabbit_framing_amqp_0_9_1, <0.249.0>, {<<"client 127.0.0.1:39805 -> 127.0.0.1:5672">>,1}) at <0.250.0> exit with reason reached_max_restart_intensity in context shutdown
2019-04-10 15:59:41.487 [info] <0.43.0> Application lager started on node nonode@nohost
2019-04-10 15:59:41.489 [info] <0.43.0> Application xmerl started on node nonode@nohost
2019-04-10 15:59:41.491 [info] <0.43.0> Application jsx started on node nonode@nohost
2019-04-10 15:59:41.495 [info] <0.43.0> Application ranch started on node nonode@nohost
2019-04-10 15:59:41.495 [info] <0.43.0> Application ranch_proxy_protocol started on node nonode@nohost
2019-04-10 15:59:41.496 [info] <0.43.0> Application recon started on node nonode@nohost
2019-04-10 15:59:41.496 [info] <0.43.0> Application rabbit_common started on node nonode@nohost
2019-04-10 15:59:41.502 [info] <0.43.0> Application amqp_client started on node nonode@nohost
2019-04-10 15:59:41.502 [info] <0.43.0> Application amqp started on node nonode@nohost
2019-04-10 15:59:41.502 [info] <0.43.0> Application hospital started on node nonode@nohost
2019-04-10 17:26:37.595 [info] <0.43.0> Application lager started on node nonode@nohost
2019-04-10 17:26:37.599 [info] <0.43.0> Application xmerl started on node nonode@nohost
2019-04-10 17:26:37.601 [info] <0.43.0> Application jsx started on node nonode@nohost
2019-04-10 17:26:37.604 [info] <0.43.0> Application ranch started on node nonode@nohost
2019-04-10 17:26:37.604 [info] <0.43.0> Application ranch_proxy_protocol started on node nonode@nohost
2019-04-10 17:26:37.605 [info] <0.43.0> Application recon started on node nonode@nohost
2019-04-10 17:26:37.605 [info] <0.43.0> Application rabbit_common started on node nonode@nohost
2019-04-10 17:26:37.612 [info] <0.43.0> Application amqp_client started on node nonode@nohost
2019-04-10 17:26:37.612 [info] <0.43.0> Application amqp started on node nonode@nohost
2019-04-10 17:26:37.613 [info] <0.43.0> Application hospital started on node nonode@nohost
2019-04-10 19:45:38.449 [info] <0.43.0> Application lager started on node nonode@nohost
2019-04-10 19:45:38.453 [info] <0.43.0> Application xmerl started on node nonode@nohost
2019-04-10 19:45:38.455 [info] <0.43.0> Application jsx started on node nonode@nohost
2019-04-10 19:45:38.458 [info] <0.43.0> Application ranch started on node nonode@nohost
2019-04-10 19:45:38.459 [info] <0.43.0> Application ranch_proxy_protocol started on node nonode@nohost
2019-04-10 19:45:38.459 [info] <0.43.0> Application recon started on node nonode@nohost
2019-04-10 19:45:38.459 [info] <0.43.0> Application rabbit_common started on node nonode@nohost
2019-04-10 19:45:38.468 [info] <0.43.0> Application amqp_client started on node nonode@nohost
2019-04-10 19:45:38.468 [info] <0.43.0> Application amqp started on node nonode@nohost
2019-04-10 19:45:38.468 [info] <0.43.0> Application hospital started on node nonode@nohost
2019-04-10 19:58:16.145 [info] <0.43.0> Application lager started on node nonode@nohost
2019-04-10 19:58:16.149 [info] <0.43.0> Application xmerl started on node nonode@nohost
2019-04-10 19:58:16.151 [info] <0.43.0> Application jsx started on node nonode@nohost
2019-04-10 19:58:16.157 [info] <0.43.0> Application ranch started on node nonode@nohost
2019-04-10 19:58:16.158 [info] <0.43.0> Application ranch_proxy_protocol started on node nonode@nohost
2019-04-10 19:58:16.158 [info] <0.43.0> Application recon started on node nonode@nohost
2019-04-10 19:58:16.158 [info] <0.43.0> Application rabbit_common started on node nonode@nohost
2019-04-10 19:58:16.167 [info] <0.43.0> Application amqp_client started on node nonode@nohost
2019-04-10 19:58:16.167 [info] <0.43.0> Application amqp started on node nonode@nohost
2019-04-10 19:58:16.167 [info] <0.43.0> Application hospital started on node nonode@nohost
2019-04-10 20:14:49.836 [info] <0.43.0> Application lager started on node nonode@nohost
2019-04-10 20:14:49.840 [info] <0.43.0> Application xmerl started on node nonode@nohost
2019-04-10 20:14:49.841 [info] <0.43.0> Application jsx started on node nonode@nohost
2019-04-10 20:14:49.845 [info] <0.43.0> Application ranch started on node nonode@nohost
2019-04-10 20:14:49.846 [info] <0.43.0> Application ranch_proxy_protocol started on node nonode@nohost
2019-04-10 20:14:49.846 [info] <0.43.0> Application recon started on node nonode@nohost
2019-04-10 20:14:49.847 [info] <0.43.0> Application rabbit_common started on node nonode@nohost
2019-04-10 20:14:49.854 [info] <0.43.0> Application amqp_client started on node nonode@nohost
2019-04-10 20:14:49.854 [info] <0.43.0> Application amqp started on node nonode@nohost
2019-04-10 20:14:49.854 [info] <0.43.0> Application hospital started on node nonode@nohost
2019-04-10 20:15:19.296 [error] <0.235.0> gen_server 'Elixir.John' terminated with reason: {badkey,channel,#{chan => #{'__struct__' => 'Elixir.AMQP.Channel',conn => #{'__struct__' => 'Elixir.AMQP.Connection',pid => <0.238.0>},pid => <0.249.0>},conn => #{'__struct__' => 'Elixir.AMQP.Connection',pid => <0.238.0>},name => 'Elixir.John',queue => <<"amq.gen-CVxt4cGIXEo2O_-69SQ_yQ">>,tag => <<"amq.ctag-eVYvmNY-RnqvJnCc2qEKcg">>}} in 'Elixir.Hospital.Doctor':handle_cast/2 line 64
2019-04-10 20:15:19.318 [error] <0.235.0> CRASH REPORT Process 'Elixir.John' with 1 neighbours crashed with reason: {badkey,channel,#{chan => #{'__struct__' => 'Elixir.AMQP.Channel',conn => #{'__struct__' => 'Elixir.AMQP.Connection',pid => <0.238.0>},pid => <0.249.0>},conn => #{'__struct__' => 'Elixir.AMQP.Connection',pid => <0.238.0>},name => 'Elixir.John',queue => <<"amq.gen-CVxt4cGIXEo2O_-69SQ_yQ">>,tag => <<"amq.ctag-eVYvmNY-RnqvJnCc2qEKcg">>}} in 'Elixir.Hospital.Doctor':handle_cast/2 line 64
2019-04-10 20:18:24.046 [info] <0.43.0> Application lager started on node nonode@nohost
2019-04-10 20:18:24.048 [info] <0.43.0> Application xmerl started on node nonode@nohost
2019-04-10 20:18:24.050 [info] <0.43.0> Application jsx started on node nonode@nohost
2019-04-10 20:18:24.055 [info] <0.43.0> Application ranch started on node nonode@nohost
2019-04-10 20:18:24.055 [info] <0.43.0> Application ranch_proxy_protocol started on node nonode@nohost
2019-04-10 20:18:24.056 [info] <0.43.0> Application recon started on node nonode@nohost
2019-04-10 20:18:24.056 [info] <0.43.0> Application rabbit_common started on node nonode@nohost
2019-04-10 20:18:24.065 [info] <0.43.0> Application amqp_client started on node nonode@nohost
2019-04-10 20:18:24.065 [info] <0.43.0> Application amqp started on node nonode@nohost
2019-04-10 20:18:24.065 [info] <0.43.0> Application hospital started on node nonode@nohost
2019-04-10 20:48:32.256 [info] <0.43.0> Application lager started on node nonode@nohost
2019-04-10 20:48:32.259 [info] <0.43.0> Application xmerl started on node nonode@nohost
2019-04-10 20:48:32.260 [info] <0.43.0> Application jsx started on node nonode@nohost
2019-04-10 20:48:32.264 [info] <0.43.0> Application ranch started on node nonode@nohost
2019-04-10 20:48:32.264 [info] <0.43.0> Application ranch_proxy_protocol started on node nonode@nohost
2019-04-10 20:48:32.265 [info] <0.43.0> Application recon started on node nonode@nohost
2019-04-10 20:48:32.265 [info] <0.43.0> Application rabbit_common started on node nonode@nohost
2019-04-10 20:48:32.272 [info] <0.43.0> Application amqp_client started on node nonode@nohost
2019-04-10 20:48:32.272 [info] <0.43.0> Application amqp started on node nonode@nohost
2019-04-10 20:48:32.272 [info] <0.43.0> Application hospital started on node nonode@nohost
2019-04-10 20:57:07.276 [info] <0.43.0> Application lager started on node nonode@nohost
2019-04-10 20:57:07.282 [info] <0.43.0> Application xmerl started on node nonode@nohost
2019-04-10 20:57:07.283 [info] <0.43.0> Application jsx started on node nonode@nohost
2019-04-10 20:57:07.287 [info] <0.43.0> Application ranch started on node nonode@nohost
2019-04-10 20:57:07.287 [info] <0.43.0> Application ranch_proxy_protocol started on node nonode@nohost
2019-04-10 20:57:07.288 [info] <0.43.0> Application recon started on node nonode@nohost
2019-04-10 20:57:07.288 [info] <0.43.0> Application rabbit_common started on node nonode@nohost
2019-04-10 20:57:07.297 [info] <0.43.0> Application amqp_client started on node nonode@nohost
2019-04-10 20:57:07.297 [info] <0.43.0> Application amqp started on node nonode@nohost
2019-04-10 20:57:07.297 [info] <0.43.0> Application hospital started on node nonode@nohost
2019-04-10 21:02:49.606 [info] <0.43.0> Application lager started on node nonode@nohost
2019-04-10 21:02:49.610 [info] <0.43.0> Application xmerl started on node nonode@nohost
2019-04-10 21:02:49.611 [info] <0.43.0> Application jsx started on node nonode@nohost
2019-04-10 21:02:49.614 [info] <0.43.0> Application ranch started on node nonode@nohost
2019-04-10 21:02:49.615 [info] <0.43.0> Application ranch_proxy_protocol started on node nonode@nohost
2019-04-10 21:02:49.615 [info] <0.43.0> Application recon started on node nonode@nohost
2019-04-10 21:02:49.615 [info] <0.43.0> Application rabbit_common started on node nonode@nohost
2019-04-10 21:02:49.622 [info] <0.43.0> Application amqp_client started on node nonode@nohost
2019-04-10 21:02:49.622 [info] <0.43.0> Application amqp started on node nonode@nohost
2019-04-10 21:02:49.622 [info] <0.43.0> Application hospital started on node nonode@nohost
2019-04-10 21:03:07.233 [error] <0.235.0> CRASH REPORT Process <0.235.0> with 1 neighbours exited with reason: {{shutdown,{server_initiated_close,404,<<"NOT_FOUND - no queue 'Elixir.Knee' in vhost '/'">>}},{gen_server,call,[<0.249.0>,{subscribe,{'basic.consume',0,<<"Elixir.Knee">>,<<>>,false,false,false,false,[]},<0.251.0>},60000]}} in gen_server:call/3 line 223
2019-04-10 21:06:40.576 [info] <0.43.0> Application lager started on node nonode@nohost
2019-04-10 21:06:40.580 [info] <0.43.0> Application xmerl started on node nonode@nohost
2019-04-10 21:06:40.581 [info] <0.43.0> Application jsx started on node nonode@nohost
2019-04-10 21:06:40.585 [info] <0.43.0> Application ranch started on node nonode@nohost
2019-04-10 21:06:40.585 [info] <0.43.0> Application ranch_proxy_protocol started on node nonode@nohost
2019-04-10 21:06:40.586 [info] <0.43.0> Application recon started on node nonode@nohost
2019-04-10 21:06:40.586 [info] <0.43.0> Application rabbit_common started on node nonode@nohost
2019-04-10 21:06:40.593 [info] <0.43.0> Application amqp_client started on node nonode@nohost
2019-04-10 21:06:40.593 [info] <0.43.0> Application amqp started on node nonode@nohost
2019-04-10 21:06:40.593 [info] <0.43.0> Application hospital started on node nonode@nohost
2019-04-10 21:15:39.502 [info] <0.43.0> Application lager started on node nonode@nohost
2019-04-10 21:15:39.505 [info] <0.43.0> Application xmerl started on node nonode@nohost
2019-04-10 21:15:39.506 [info] <0.43.0> Application jsx started on node nonode@nohost
2019-04-10 21:15:39.510 [info] <0.43.0> Application ranch started on node nonode@nohost
2019-04-10 21:15:39.510 [info] <0.43.0> Application ranch_proxy_protocol started on node nonode@nohost
2019-04-10 21:15:39.511 [info] <0.43.0> Application recon started on node nonode@nohost
2019-04-10 21:15:39.511 [info] <0.43.0> Application rabbit_common started on node nonode@nohost
2019-04-10 21:15:39.518 [info] <0.43.0> Application amqp_client started on node nonode@nohost
2019-04-10 21:15:39.518 [info] <0.43.0> Application amqp started on node nonode@nohost
2019-04-10 21:15:39.518 [info] <0.43.0> Application hospital started on node nonode@nohost
2019-04-10 22:01:20.204 [info] <0.43.0> Application lager started on node nonode@nohost
2019-04-10 22:01:20.208 [info] <0.43.0> Application xmerl started on node nonode@nohost
2019-04-10 22:01:20.209 [info] <0.43.0> Application jsx started on node nonode@nohost
2019-04-10 22:01:20.213 [info] <0.43.0> Application ranch started on node nonode@nohost
2019-04-10 22:01:20.213 [info] <0.43.0> Application ranch_proxy_protocol started on node nonode@nohost
2019-04-10 22:01:20.214 [info] <0.43.0> Application recon started on node nonode@nohost
2019-04-10 22:01:20.214 [info] <0.43.0> Application rabbit_common started on node nonode@nohost
2019-04-10 22:01:20.222 [info] <0.43.0> Application amqp_client started on node nonode@nohost
2019-04-10 22:01:20.222 [info] <0.43.0> Application amqp started on node nonode@nohost
2019-04-10 22:01:20.222 [info] <0.43.0> Application hospital started on node nonode@nohost
2019-04-10 22:07:04.655 [info] <0.43.0> Application lager started on node nonode@nohost
2019-04-10 22:07:04.657 [info] <0.43.0> Application xmerl started on node nonode@nohost
2019-04-10 22:07:04.659 [info] <0.43.0> Application jsx started on node nonode@nohost
2019-04-10 22:07:04.662 [info] <0.43.0> Application ranch started on node nonode@nohost
2019-04-10 22:07:04.663 [info] <0.43.0> Application ranch_proxy_protocol started on node nonode@nohost
2019-04-10 22:07:04.664 [info] <0.43.0> Application recon started on node nonode@nohost
2019-04-10 22:07:04.664 [info] <0.43.0> Application rabbit_common started on node nonode@nohost
2019-04-10 22:07:04.670 [info] <0.43.0> Application amqp_client started on node nonode@nohost
2019-04-10 22:07:04.671 [info] <0.43.0> Application amqp started on node nonode@nohost
2019-04-10 22:07:04.671 [info] <0.43.0> Application hospital started on node nonode@nohost
2019-04-10 22:12:55.680 [info] <0.43.0> Application lager started on node nonode@nohost
2019-04-10 22:12:55.686 [info] <0.43.0> Application xmerl started on node nonode@nohost
2019-04-10 22:12:55.688 [info] <0.43.0> Application jsx started on node nonode@nohost
2019-04-10 22:12:55.691 [info] <0.43.0> Application ranch started on node nonode@nohost
2019-04-10 22:12:55.692 [info] <0.43.0> Application ranch_proxy_protocol started on node nonode@nohost
2019-04-10 22:12:55.693 [info] <0.43.0> Application recon started on node nonode@nohost
2019-04-10 22:12:55.693 [info] <0.43.0> Application rabbit_common started on node nonode@nohost
2019-04-10 22:12:55.700 [info] <0.43.0> Application amqp_client started on node nonode@nohost
2019-04-10 22:12:55.700 [info] <0.43.0> Application amqp started on node nonode@nohost
2019-04-10 22:12:55.700 [info] <0.43.0> Application hospital started on node nonode@nohost
2019-04-10 22:24:04.528 [info] <0.43.0> Application lager started on node nonode@nohost
2019-04-10 22:24:04.532 [info] <0.43.0> Application xmerl started on node nonode@nohost
2019-04-10 22:24:04.533 [info] <0.43.0> Application jsx started on node nonode@nohost
2019-04-10 22:24:04.536 [info] <0.43.0> Application ranch started on node nonode@nohost
2019-04-10 22:24:04.537 [info] <0.43.0> Application ranch_proxy_protocol started on node nonode@nohost
2019-04-10 22:24:04.537 [info] <0.43.0> Application recon started on node nonode@nohost
2019-04-10 22:24:04.537 [info] <0.43.0> Application rabbit_common started on node nonode@nohost
2019-04-10 22:24:04.544 [info] <0.43.0> Application amqp_client started on node nonode@nohost
2019-04-10 22:24:04.545 [info] <0.43.0> Application amqp started on node nonode@nohost
2019-04-10 22:24:04.545 [info] <0.43.0> Application hospital started on node nonode@nohost
2019-04-10 22:29:00.210 [info] <0.43.0> Application lager started on node nonode@nohost
2019-04-10 22:29:00.212 [info] <0.43.0> Application xmerl started on node nonode@nohost
2019-04-10 22:29:00.215 [info] <0.43.0> Application jsx started on node nonode@nohost
2019-04-10 22:29:00.218 [info] <0.43.0> Application ranch started on node nonode@nohost
2019-04-10 22:29:00.219 [info] <0.43.0> Application ranch_proxy_protocol started on node nonode@nohost
2019-04-10 22:29:00.219 [info] <0.43.0> Application recon started on node nonode@nohost
2019-04-10 22:29:00.220 [info] <0.43.0> Application rabbit_common started on node nonode@nohost
2019-04-10 22:29:00.225 [info] <0.43.0> Application amqp_client started on node nonode@nohost
2019-04-10 22:29:00.226 [info] <0.43.0> Application amqp started on node nonode@nohost
2019-04-10 22:29:00.226 [info] <0.43.0> Application hospital started on node nonode@nohost
2019-04-10 22:29:25.204 [error] <0.235.0> gen_server l1 terminated with reason: {'module could not be loaded',[{knee,to_string,[],[]},{'Elixir.Hospital.Doctor',handle_cast,2,[{file,"lib/hospital/doctor.ex"},{line,64}]},{gen_server,try_dispatch,4,[{file,"gen_server.erl"},{line,637}]},{gen_server,handle_msg,6,[{file,"gen_server.erl"},{line,711}]},{proc_lib,init_p_do_apply,3,[{file,"proc_lib.erl"},{line,249}]}]}
2019-04-10 22:29:25.222 [error] <0.235.0>@knee:to_string CRASH REPORT Process l1 with 1 neighbours crashed with reason: call to undefined function knee:to_string()
2019-04-10 22:30:11.181 [info] <0.43.0> Application lager started on node nonode@nohost
2019-04-10 22:30:11.185 [info] <0.43.0> Application xmerl started on node nonode@nohost
2019-04-10 22:30:11.186 [info] <0.43.0> Application jsx started on node nonode@nohost
2019-04-10 22:30:11.190 [info] <0.43.0> Application ranch started on node nonode@nohost
2019-04-10 22:30:11.191 [info] <0.43.0> Application ranch_proxy_protocol started on node nonode@nohost
2019-04-10 22:30:11.191 [info] <0.43.0> Application recon started on node nonode@nohost
2019-04-10 22:30:11.191 [info] <0.43.0> Application rabbit_common started on node nonode@nohost
2019-04-10 22:30:11.199 [info] <0.43.0> Application amqp_client started on node nonode@nohost
2019-04-10 22:30:11.200 [info] <0.43.0> Application amqp started on node nonode@nohost
2019-04-10 22:30:11.200 [info] <0.43.0> Application hospital started on node nonode@nohost
2019-04-10 22:30:31.130 [error] <0.235.0>@Elixir.Hospital.Doctor:handle_cast:64 gen_server l1 terminated with reason: bad argument in 'Elixir.Hospital.Doctor':handle_cast/2 line 64
2019-04-10 22:30:31.162 [error] <0.235.0>@Elixir.Hospital.Doctor:handle_cast:64 CRASH REPORT Process l1 with 1 neighbours crashed with reason: bad argument in 'Elixir.Hospital.Doctor':handle_cast/2 line 64
2019-04-10 22:32:36.580 [info] <0.43.0> Application lager started on node nonode@nohost
2019-04-10 22:32:36.582 [info] <0.43.0> Application xmerl started on node nonode@nohost
2019-04-10 22:32:36.585 [info] <0.43.0> Application jsx started on node nonode@nohost
2019-04-10 22:32:36.588 [info] <0.43.0> Application ranch started on node nonode@nohost
2019-04-10 22:32:36.589 [info] <0.43.0> Application ranch_proxy_protocol started on node nonode@nohost
2019-04-10 22:32:36.589 [info] <0.43.0> Application recon started on node nonode@nohost
2019-04-10 22:32:36.589 [info] <0.43.0> Application rabbit_common started on node nonode@nohost
2019-04-10 22:32:36.596 [info] <0.43.0> Application amqp_client started on node nonode@nohost
2019-04-10 22:32:36.596 [info] <0.43.0> Application amqp started on node nonode@nohost
2019-04-10 22:32:36.596 [info] <0.43.0> Application hospital started on node nonode@nohost
2019-04-10 22:48:48.645 [info] <0.249.0> Channel (<0.249.0>): dropping method {{'basic.cancel',<<"amq.ctag-it02XzXnjpRgngKl2VU-Kw">>,true},none} from server because channel is closing
2019-04-10 22:51:38.387 [info] <0.43.0> Application lager started on node nonode@nohost
2019-04-10 22:51:38.391 [info] <0.43.0> Application xmerl started on node nonode@nohost
2019-04-10 22:51:38.392 [info] <0.43.0> Application jsx started on node nonode@nohost
2019-04-10 22:51:38.395 [info] <0.43.0> Application ranch started on node nonode@nohost
2019-04-10 22:51:38.395 [info] <0.43.0> Application ranch_proxy_protocol started on node nonode@nohost
2019-04-10 22:51:38.396 [info] <0.43.0> Application recon started on node nonode@nohost
2019-04-10 22:51:38.396 [info] <0.43.0> Application rabbit_common started on node nonode@nohost
2019-04-10 22:51:38.403 [info] <0.43.0> Application amqp_client started on node nonode@nohost
2019-04-10 22:51:38.403 [info] <0.43.0> Application amqp started on node nonode@nohost
2019-04-10 22:51:38.403 [info] <0.43.0> Application hospital started on node nonode@nohost
